<?xml version="1.0" encoding="UTF-8"?>
<testsuite xmlns:xsi="http://www.w3.org/2001/XMLSchema-instance" xsi:noNamespaceSchemaLocation="https://maven.apache.org/surefire/maven-surefire-plugin/xsd/surefire-test-report.xsd" version="3.0.2" name="com.marketplace.MarketplaceServiceApplicationTests" time="25.376" tests="1" errors="0" skipped="0" failures="0">
  <properties>
[...]
</properties>
  <testcase name="contextLoads" classname="com.marketplace.MarketplaceServiceApplicationTests" time="0.881">
    <system-out><![CDATA[10:07:05.935 [main] INFO org.springframework.test.context.support.AnnotationConfigContextLoaderUtils -- Could not detect default configuration classes for test class [com.marketplace.MarketplaceServiceApplicationTests]: MarketplaceServiceApplicationTests does not declare any static, non-private, non-final, nested classes annotated with @Configuration.
10:07:06.132 [main] INFO org.springframework.boot.test.context.SpringBootTestContextBootstrapper -- Found @SpringBootConfiguration com.marketplace.MarketplaceServiceApplication for test class com.marketplace.MarketplaceServiceApplicationTests
10:07:06.441 [main] INFO org.springframework.boot.devtools.restart.RestartApplicationListener -- Restart disabled due to context in which it is running

  .   ____          _            __ _ _
 /\\ / ___'_ __ _ _(_)_ __  __ _ \ \ \ \
( ( )\___ | '_ | '_| | '_ \/ _` | \ \ \ \
 \\/  ___)| |_)| | | | | || (_| |  ) ) ) )
  '  |____| .__|_| |_|_| |_\__, | / / / /
 =========|_|==============|___/=/_/_/_/

 :: Spring Boot ::                (v3.4.0)

2025-07-12T10:07:06.900+02:00  INFO 143336 --- [marketplace-service] [           main] c.m.MarketplaceServiceApplicationTests   : Starting MarketplaceServiceApplicationTests using Java 21.0.4 with PID 143336 (started by DELL in C:\Users\DELL\Documents\ENSPY\projets\projet de synthèse 5 GI\_MarketPlace\marketplace_synthesis_project)
2025-07-12T10:07:06.902+02:00  INFO 143336 --- [marketplace-service] [           main] c.m.MarketplaceServiceApplicationTests   : No active profile set, falling back to 1 default profile: "default"
2025-07-12T10:07:08.128+02:00  INFO 143336 --- [marketplace-service] [           main] .s.d.r.c.RepositoryConfigurationDelegate : Bootstrapping Spring Data Cassandra repositories in DEFAULT mode.
2025-07-12T10:07:08.144+02:00  INFO 143336 --- [marketplace-service] [           main] .i.s.PathMatchingResourcePatternResolver : Skipping search for files matching pattern [**/*.class]: directory [C:\Users\DELL\Documents\ENSPY\projets\projet de synthèse 5 GI\_MarketPlace\marketplace_synthesis_project\target\test-classes\com\marketplace\repositories] does not exist
2025-07-12T10:07:08.293+02:00  INFO 143336 --- [marketplace-service] [           main] .i.s.PathMatchingResourcePatternResolver : Skipping search for files matching pattern [**/*.class]: directory [C:\Users\DELL\Documents\ENSPY\projets\projet de synthèse 5 GI\_MarketPlace\marketplace_synthesis_project\target\test-classes\com\marketplace\invoice\repositories] does not exist
2025-07-12T10:07:08.306+02:00  INFO 143336 --- [marketplace-service] [           main] .i.s.PathMatchingResourcePatternResolver : Skipping search for files matching pattern [**/*Impl.class]: directory [C:\Users\DELL\Documents\ENSPY\projets\projet de synthèse 5 GI\_MarketPlace\marketplace_synthesis_project\target\test-classes\com\marketplace\repositories] does not exist
2025-07-12T10:07:08.308+02:00  INFO 143336 --- [marketplace-service] [           main] .i.s.PathMatchingResourcePatternResolver : Skipping search for files matching pattern [**/*Impl.class]: directory [C:\Users\DELL\Documents\ENSPY\projets\projet de synthèse 5 GI\_MarketPlace\marketplace_synthesis_project\target\test-classes\com\marketplace\invoice\repositories] does not exist
2025-07-12T10:07:08.337+02:00  INFO 143336 --- [marketplace-service] [           main] .s.d.r.c.RepositoryConfigurationDelegate : Finished Spring Data repository scanning in 198 ms. Found 11 Cassandra repository interfaces.
2025-07-12T10:07:08.769+02:00  INFO 143336 --- [marketplace-service] [           main] .s.d.r.c.RepositoryConfigurationDelegate : Bootstrapping Spring Data Reactive Cassandra repositories in DEFAULT mode.
2025-07-12T10:07:08.819+02:00  INFO 143336 --- [marketplace-service] [           main] .s.d.r.c.RepositoryConfigurationDelegate : Finished Spring Data repository scanning in 43 ms. Found 0 Reactive Cassandra repository interfaces.
2025-07-12T10:07:09.839+02:00  INFO 143336 --- [marketplace-service] [           main] c.d.o.d.i.core.DefaultMavenCoordinates   : Apache Cassandra Java Driver (org.apache.cassandra:java-driver-core) version 4.18.1
2025-07-12T10:07:10.108+02:00  INFO 143336 --- [marketplace-service] [           main] c.d.o.d.i.c.c.CqlPrepareAsyncProcessor   : Adding handler to invalidate cached prepared statements on type changes
2025-07-12T10:07:10.513+02:00  INFO 143336 --- [marketplace-service] [     s0-admin-0] c.d.oss.driver.internal.core.time.Clock  : Using native clock for microsecond precision
2025-07-12T10:07:10.746+02:00  WARN 143336 --- [marketplace-service] [        s0-io-3] c.d.o.d.i.c.m.DefaultTopologyMonitor     : [s0] Unable to determine broadcast RPC port.  Trying to fall back to port used by the control connection.
2025-07-12T10:07:10.888+02:00  INFO 143336 --- [marketplace-service] [           main] o.s.d.c.config.CqlSessionFactoryBean     : Executing CQL [CREATE KEYSPACE IF NOT EXISTS marketplace_service_db WITH durable_writes = true AND replication = { 'class' : 'SimpleStrategy', 'replication_factor' : 1 };]
2025-07-12T10:07:12.349+02:00  WARN 143336 --- [marketplace-service] [     s0-admin-0] c.d.o.d.i.core.cql.CqlRequestHandler     : Query '[0 values] CREATE KEYSPACE IF NOT EXISTS marketplace_service_db WITH durable_writes = true AND replication = { 'class' : 'SimpleStrategy', 'replication_factor' : 1 };' generated server side warning(s): SimpleStrategy replication class is not recommended, but was used for keyspace marketplace_service_db. You may suppress this warning by delisting SimpleStrategy from replication_strategy_warn_list configuration option, or make it into an error by listing this replication strategy on replication_strategy_fail_list.
2025-07-12T10:07:12.354+02:00  WARN 143336 --- [marketplace-service] [     s0-admin-0] c.d.o.d.i.core.cql.CqlRequestHandler     : Query '[0 values] CREATE KEYSPACE IF NOT EXISTS marketplace_service_db WITH durable_writes = true AND replication = { 'class' : 'SimpleStrategy', 'replication_factor' : 1 };' generated server side warning(s): Using Replication Factor replication_factor=1 lower than the minimum_replication_factor_warn_threshold=3 is not recommended.
2025-07-12T10:07:12.386+02:00  INFO 143336 --- [marketplace-service] [           main] c.d.o.d.i.c.c.CqlPrepareAsyncProcessor   : Adding handler to invalidate cached prepared statements on type changes
2025-07-12T10:07:12.387+02:00  INFO 143336 --- [marketplace-service] [     s1-admin-0] c.d.oss.driver.internal.core.time.Clock  : Using native clock for microsecond precision
2025-07-12T10:07:12.466+02:00  WARN 143336 --- [marketplace-service] [        s1-io-3] c.d.o.d.i.c.m.DefaultTopologyMonitor     : [s1] Unable to determine broadcast RPC port.  Trying to fall back to port used by the control connection.
2025-07-12T10:07:14.513+02:00  WARN 143336 --- [marketplace-service] [     s1-admin-0] c.d.o.d.i.core.cql.CqlRequestHandler     : Query '[0 values] CREATE KEYSPACE IF NOT EXISTS marketplace_service_db WITH REPLICATION = { 'class' : 'SimpleStrategy', 'replication_factor' : 1 }' generated server side warning(s): SimpleStrategy replication class is not recommended, but was used for keyspace marketplace_service_db. You may suppress this warning by delisting SimpleStrategy from replication_strategy_warn_list configuration option, or make it into an error by listing this replication strategy on replication_strategy_fail_list.
2025-07-12T10:07:14.513+02:00  WARN 143336 --- [marketplace-service] [     s1-admin-0] c.d.o.d.i.core.cql.CqlRequestHandler     : Query '[0 values] CREATE KEYSPACE IF NOT EXISTS marketplace_service_db WITH REPLICATION = { 'class' : 'SimpleStrategy', 'replication_factor' : 1 }' generated server side warning(s): Using Replication Factor replication_factor=1 lower than the minimum_replication_factor_warn_threshold=3 is not recommended.
2025-07-12T10:07:30.130+02:00  INFO 143336 --- [marketplace-service] [           main] c.m.MarketplaceServiceApplicationTests   : Started MarketplaceServiceApplicationTests in 23.713 seconds (process running for 25.278)
]]></system-out>
    <system-err><![CDATA[Mockito is currently self-attaching to enable the inline-mock-maker. This will no longer work in future releases of the JDK. Please add Mockito as an agent to your build what is described in Mockito's documentation: https://javadoc.io/doc/org.mockito/mockito-core/latest/org/mockito/Mockito.html#0.3
WARNING: A Java agent has been loaded dynamically (C:\Users\DELL\.m2\repository\net\bytebuddy\byte-buddy-agent\1.15.10\byte-buddy-agent-1.15.10.jar)
WARNING: If a serviceability tool is in use, please run with -XX:+EnableDynamicAgentLoading to hide this warning
WARNING: If a serviceability tool is not in use, please run with -Djdk.instrument.traceUsage for more information
WARNING: Dynamic loading of agents will be disallowed by default in a future release
]]></system-err>
  </testcase>
</testsuite>